0 info it worked if it ends with ok
1 verbose cli [ '/usr/local/bin/node',
1 verbose cli   '/usr/local/bin/npm',
1 verbose cli   'install',
1 verbose cli   'karma-jasmin',
1 verbose cli   '--save-dev' ]
2 info using npm@1.4.28
3 info using node@v0.10.32
4 warn package.json iou@0.0.0 No repository field.
5 verbose readDependencies using package.json deps
6 verbose cache add [ 'karma-jasmin', null ]
7 verbose cache add name=undefined spec="karma-jasmin" args=["karma-jasmin",null]
8 verbose parsed url { protocol: null,
8 verbose parsed url   slashes: null,
8 verbose parsed url   auth: null,
8 verbose parsed url   host: null,
8 verbose parsed url   port: null,
8 verbose parsed url   hostname: null,
8 verbose parsed url   hash: null,
8 verbose parsed url   search: null,
8 verbose parsed url   query: null,
8 verbose parsed url   pathname: 'karma-jasmin',
8 verbose parsed url   path: 'karma-jasmin',
8 verbose parsed url   href: 'karma-jasmin' }
9 silly lockFile df5d820d-karma-jasmin karma-jasmin
10 verbose lock karma-jasmin /Users/davidnguyen/.npm/df5d820d-karma-jasmin.lock
11 silly lockFile df5d820d-karma-jasmin karma-jasmin
12 silly lockFile df5d820d-karma-jasmin karma-jasmin
13 verbose addNamed [ 'karma-jasmin', '' ]
14 verbose addNamed [ null, '*' ]
15 silly lockFile d565bd68-karma-jasmin karma-jasmin@
16 verbose lock karma-jasmin@ /Users/davidnguyen/.npm/d565bd68-karma-jasmin.lock
17 silly addNameRange { name: 'karma-jasmin', range: '*', hasData: false }
18 verbose request where is /karma-jasmin
19 verbose request registry https://registry.npmjs.org/
20 verbose request id d45f1d001eb1636b
21 verbose url raw /karma-jasmin
22 verbose url resolving [ 'https://registry.npmjs.org/', './karma-jasmin' ]
23 verbose url resolved https://registry.npmjs.org/karma-jasmin
24 verbose request where is https://registry.npmjs.org/karma-jasmin
25 info trying registry request attempt 1 at 18:21:50
26 http GET https://registry.npmjs.org/karma-jasmin
27 http 404 https://registry.npmjs.org/karma-jasmin
28 verbose headers { date: 'Mon, 13 Oct 2014 01:21:52 GMT',
28 verbose headers   server: 'CouchDB/1.5.0 (Erlang OTP/R16B03)',
28 verbose headers   'content-type': 'application/json',
28 verbose headers   'cache-control': 'max-age=0',
28 verbose headers   'content-length': '52',
28 verbose headers   'accept-ranges': 'bytes',
28 verbose headers   via: '1.1 varnish',
28 verbose headers   age: '0',
28 verbose headers   'x-served-by': 'cache-sjc3125-SJC',
28 verbose headers   'x-cache': 'MISS',
28 verbose headers   'x-cache-hits': '0',
28 verbose headers   'x-timer': 'S1413163311.978851,VS0,VE351',
28 verbose headers   'keep-alive': 'timeout=10, max=50',
28 verbose headers   connection: 'Keep-Alive' }
29 silly registry.get cb [ 404,
29 silly registry.get   { date: 'Mon, 13 Oct 2014 01:21:52 GMT',
29 silly registry.get     server: 'CouchDB/1.5.0 (Erlang OTP/R16B03)',
29 silly registry.get     'content-type': 'application/json',
29 silly registry.get     'cache-control': 'max-age=0',
29 silly registry.get     'content-length': '52',
29 silly registry.get     'accept-ranges': 'bytes',
29 silly registry.get     via: '1.1 varnish',
29 silly registry.get     age: '0',
29 silly registry.get     'x-served-by': 'cache-sjc3125-SJC',
29 silly registry.get     'x-cache': 'MISS',
29 silly registry.get     'x-cache-hits': '0',
29 silly registry.get     'x-timer': 'S1413163311.978851,VS0,VE351',
29 silly registry.get     'keep-alive': 'timeout=10, max=50',
29 silly registry.get     connection: 'Keep-Alive' } ]
30 silly lockFile d565bd68-karma-jasmin karma-jasmin@
31 silly lockFile d565bd68-karma-jasmin karma-jasmin@
32 error 404 404 Not Found: karma-jasmin
32 error 404
32 error 404 'karma-jasmin' is not in the npm registry.
32 error 404 You should bug the author to publish it
32 error 404 It was specified as a dependency of 'iou'
32 error 404
32 error 404 Note that you can also install from a
32 error 404 tarball, folder, or http url, or git url.
33 error System Darwin 13.4.0
34 error command "/usr/local/bin/node" "/usr/local/bin/npm" "install" "karma-jasmin" "--save-dev"
35 error cwd /Users/davidnguyen/GitHub/Splitsies
36 error node -v v0.10.32
37 error npm -v 1.4.28
38 error code E404
39 verbose exit [ 1, true ]
